#
# A fatal error has been detected by the Java Runtime Environment:
#
#  SIGSEGV (0xb) at pc=0x0000000101d383a0, pid=15620, tid=18691
#
# JRE version: Java(TM) SE Runtime Environment (7.0_75-b13) (build 1.7.0_75-b13)
# Java VM: Java HotSpot(TM) 64-Bit Server VM (24.75-b04 mixed mode bsd-amd64 compressed oops)
# Problematic frame:
# V  [libjvm.dylib+0x3383a0]  jvmti_IsMethodSynthetic+0xb9
#
# Failed to write core dump. Core dumps have been disabled. To enable core dumping, try "ulimit -c unlimited" before starting Java again
#
# If you would like to submit a bug report, please visit:
#   http://bugreport.sun.com/bugreport/crash.jsp
#

---------------  T H R E A D  ---------------

Current thread (0x00007f89bb841800):  JavaThread "JDWP Transport Listener: dt_socket" daemon [_thread_in_vm, id=18691, stack(0x0000000113319000,0x0000000113419000)]

siginfo:si_signo=SIGSEGV: si_errno=0, si_code=1 (SEGV_MAPERR), si_addr=0x000000000000000d

Registers:
RAX=0x0000000000000001, RBX=0x0000000113418a8b, RCX=0x00000000000fc080, RDX=0x0000000113418a8b
RSP=0x00000001134189f0, RBP=0x0000000113418a40, RSI=0x00007f89bb841800, RDI=0x00007f89bac1f390
R8 =0x0000000000000000, R9 =0x00007f89bd100000, R10=0x0000000000000010, R11=0x00007f89bd100000
R12=0x00007f89bb841800, R13=0x000000000000000d, R14=0x000000000000000d, R15=0x00007f89bac1f390
RIP=0x0000000101d383a0, EFLAGS=0x0000000000010202, ERR=0x0000000000000004
  TRAPNO=0x000000000000000e

Top of Stack: (sp=0x00000001134189f0)
0x00000001134189f0:   00007f89bb841800 0000000000000000
0x0000000113418a00:   0000000000000000 0000000000000000
0x0000000113418a10:   00007f89bb841800 00007f89bb841800
0x0000000113418a20:   0000000113418a8b 0000000113418a90
0x0000000113418a30:   000000000000000d 0000000000000002
0x0000000113418a40:   0000000113418a60 00000001009881a8
0x0000000113418a50:   0000000000000001 0000000113418b08
0x0000000113418a60:   0000000113418ad0 000000010096cfbb
0x0000000113418a70:   0000000113418aa0 00007f89bd1021f0
0x0000000113418a80:   0000000300000032 0000000900418b08
0x0000000113418a90:   0000000000000000 0000000000000000
0x0000000113418aa0:   0000000000000000 0000000113418c90
0x0000000113418ab0:   000000010098fdc2 00007f89bac48380
0x0000000113418ac0:   0000000113418b08 000000010099b588
0x0000000113418ad0:   0000000113418ae0 000000010096d0b4
0x0000000113418ae0:   0000000113418d00 0000000100976642
0x0000000113418af0:   000010fd00000013 00000000000f0200
0x0000000113418b00:   00007f89bac494a0 0000000113418baf
0x0000000113418b10:   00007f89000000d5 0000000113418b20
0x0000000113418b20:   00007f8900000057 0000000113418b58
0x0000000113418b30:   0000000000000000 00007f0000000000
0x0000000113418b40:   000010fd0000001c 00007fff00004f80
0x0000000113418b50:   0000000113418b58 897f000003000000
0x0000000113418b60:   060000008099c3ba 00003e74696e693c
0x0000000113418b70:   0000005629280300 7f00000100000000
0x0000000113418b80:   0000008899c3ba89 0000006e69616d04
0x0000000113418b90:   6176616a4c5b2816 74532f676e616c2f
0x0000000113418ba0:   0056293b676e6972 0009000000000000
0x0000000113418bb0:   009099c3ba897f00 000b000000000000
0x0000000113418bc0:   0103001700000000 0f00000000000000
0x0000000113418bd0:   8899c3ba897f0000 0a00000000000000
0x0000000113418be0:   0400150000000000 0000000000000001 

Instructions: (pc=0x0000000101d383a0)
0x0000000101d38380:   00 00 00 41 f6 87 68 01 00 00 10 75 07 b8 63 00
0x0000000101d38390:   00 00 eb 7a 4d 85 f6 75 07 b8 17 00 00 00 eb 6e
0x0000000101d383a0:   4d 8b 36 48 b8 fe fe fe fe fe fe fe fe 49 39 c6
0x0000000101d383b0:   74 e7 4d 85 f6 74 e2 48 8d 05 e2 5e 4d 00 80 38 

Register to memory mapping:

RAX=0x0000000000000001 is an unknown value
RBX=0x0000000113418a8b is pointing into the stack for thread: 0x00007f89bb841800
RCX=0x00000000000fc080 is an unknown value
RDX=0x0000000113418a8b is pointing into the stack for thread: 0x00007f89bb841800
RSP=0x00000001134189f0 is pointing into the stack for thread: 0x00007f89bb841800
RBP=0x0000000113418a40 is pointing into the stack for thread: 0x00007f89bb841800
RSI=0x00007f89bb841800 is a thread
RDI=0x00007f89bac1f390 is an unknown value
R8 =0x0000000000000000 is an unknown value
R9 =0x00007f89bd100000 is an unknown value
R10=0x0000000000000010 is an unknown value
R11=0x00007f89bd100000 is an unknown value
R12=0x00007f89bb841800 is a thread
R13=0x000000000000000d is an unknown value
R14=0x000000000000000d is an unknown value
R15=0x00007f89bac1f390 is an unknown value


Stack: [0x0000000113319000,0x0000000113419000],  sp=0x00000001134189f0,  free space=1022k
Native frames: (J=compiled Java code, j=interpreted, Vv=VM code, C=native code)
V  [libjvm.dylib+0x3383a0]  jvmti_IsMethodSynthetic+0xb9
C  [libjdwp.dylib+0x201a8]  isMethodSynthetic+0x63
C  [libjdwp.dylib+0x4fbb]  methods1+0x10b
C  [libjdwp.dylib+0x50b4]  methodsWithGeneric+0xe
C  [libjdwp.dylib+0xe642]  debugLoop_run+0x1ce
C  [libjdwp.dylib+0x1f0e2]  attachThread+0x4d
V  [libjvm.dylib+0x378fc2]  JvmtiAgentThread::call_start_function()+0x38
V  [libjvm.dylib+0x4f6cb9]  JavaThread::thread_main_inner()+0x9b
V  [libjvm.dylib+0x4f83c1]  JavaThread::run()+0x1a3
V  [libjvm.dylib+0x421762]  java_start(Thread*)+0x126
C  [libsystem_pthread.dylib+0x3268]  _pthread_body+0x83
C  [libsystem_pthread.dylib+0x31e5]  _pthread_body+0x0
C  [libsystem_pthread.dylib+0x141d]  thread_start+0xd


---------------  P R O C E S S  ---------------

Java Threads: ( => current thread )
  0x00007f89bb036000 JavaThread "Service Thread" daemon [_thread_blocked, id=21251, stack(0x0000000113828000,0x0000000113928000)]
  0x00007f89bb034800 JavaThread "C2 CompilerThread1" daemon [_thread_blocked, id=20739, stack(0x0000000113725000,0x0000000113825000)]
  0x00007f89bb035800 JavaThread "C2 CompilerThread0" daemon [_thread_blocked, id=20227, stack(0x0000000113622000,0x0000000113722000)]
  0x00007f89bb846800 JavaThread "JDWP Command Reader" daemon [_thread_in_native, id=19715, stack(0x000000011351f000,0x000000011361f000)]
  0x00007f89bb845800 JavaThread "JDWP Event Helper Thread" daemon [_thread_blocked, id=19203, stack(0x000000011341c000,0x000000011351c000)]
=>0x00007f89bb841800 JavaThread "JDWP Transport Listener: dt_socket" daemon [_thread_in_vm, id=18691, stack(0x0000000113319000,0x0000000113419000)]
  0x00007f89bc001000 JavaThread "Signal Dispatcher" daemon [_thread_blocked, id=14615, stack(0x0000000113210000,0x0000000113310000)]
  0x00007f89bb012800 JavaThread "Finalizer" daemon [_thread_blocked, id=13571, stack(0x0000000111805000,0x0000000111905000)]
  0x00007f89bb840800 JavaThread "Reference Handler" daemon [_thread_blocked, id=13059, stack(0x0000000111702000,0x0000000111802000)]
  0x00007f89bc002800 JavaThread "main" [_thread_blocked, id=4867, stack(0x0000000102462000,0x0000000102562000)]

Other Threads:
  0x00007f89bb83e000 VMThread [stack: 0x00000001115ff000,0x00000001116ff000] [id=12547]
  0x00007f89bb01e800 WatcherThread [stack: 0x000000011392b000,0x0000000113a2b000] [id=21763]

VM state:not at safepoint (normal execution)

VM Mutex/Monitor currently owned by a thread: None

Heap
 PSYoungGen      total 76800K, used 3963K [0x00000007aaa80000, 0x00000007b0000000, 0x0000000800000000)
  eden space 66048K, 6% used [0x00000007aaa80000,0x00000007aae5ec80,0x00000007aeb00000)
  from space 10752K, 0% used [0x00000007af580000,0x00000007af580000,0x00000007b0000000)
  to   space 10752K, 0% used [0x00000007aeb00000,0x00000007aeb00000,0x00000007af580000)
 ParOldGen       total 174592K, used 0K [0x0000000700000000, 0x000000070aa80000, 0x00000007aaa80000)
  object space 174592K, 0% used [0x0000000700000000,0x0000000700000000,0x000000070aa80000)
 PSPermGen       total 21504K, used 2665K [0x00000006fae00000, 0x00000006fc300000, 0x0000000700000000)
  object space 21504K, 12% used [0x00000006fae00000,0x00000006fb09a438,0x00000006fc300000)

Card table byte_map: [0x0000000105624000,0x0000000105e4e000] byte_map_base: 0x0000000101e4d000

Polling page: 0x0000000100967000

Code Cache  [0x0000000102564000, 0x00000001027d4000, 0x0000000105564000)
 total_blobs=175 nmethods=2 adapters=136 free_code_cache=48771Kb largest_free_block=49925504

Compilation events (4 events):
Event: 0.128 Thread 0x00007f89bb035800    1             java.lang.String::hashCode (55 bytes)
Event: 0.130 Thread 0x00007f89bb034800    2             java.lang.String::indexOf (70 bytes)
Event: 0.132 Thread 0x00007f89bb034800 nmethod 2 0x00000001025c6e50 code [0x00000001025c6fa0, 0x00000001025c7188]
Event: 0.132 Thread 0x00007f89bb035800 nmethod 1 0x00000001025c4e90 code [0x00000001025c4fe0, 0x00000001025c5198]

GC Heap History (0 events):
No events

Deoptimization events (0 events):
No events

Internal exceptions (10 events):
Event: 0.131 Thread 0x00007f89bc002800 Threw 0x00000007aab12190 at /HUDSON/workspace/7u-2-build-macosx-x86_64/jdk7u75/1940/hotspot/src/share/vm/prims/jni.cpp:717
Event: 0.131 Thread 0x00007f89bc002800 Threw 0x00000007aab122b0 at /HUDSON/workspace/7u-2-build-macosx-x86_64/jdk7u75/1940/hotspot/src/share/vm/prims/jvm.cpp:1281
Event: 0.131 Thread 0x00007f89bc002800 Threw 0x00000007aab123d8 at /HUDSON/workspace/7u-2-build-macosx-x86_64/jdk7u75/1940/hotspot/src/share/vm/prims/jvm.cpp:1281
Event: 0.131 Thread 0x00007f89bc002800 Threw 0x00000007aab13078 at /HUDSON/workspace/7u-2-build-macosx-x86_64/jdk7u75/1940/hotspot/src/share/vm/prims/jni.cpp:717
Event: 0.131 Thread 0x00007f89bc002800 Threw 0x00000007aab13198 at /HUDSON/workspace/7u-2-build-macosx-x86_64/jdk7u75/1940/hotspot/src/share/vm/prims/jvm.cpp:1281
Event: 0.131 Thread 0x00007f89bc002800 Threw 0x00000007aab132c0 at /HUDSON/workspace/7u-2-build-macosx-x86_64/jdk7u75/1940/hotspot/src/share/vm/prims/jvm.cpp:1281
Event: 0.132 Thread 0x00007f89bc002800 Threw 0x00000007aab24cd0 at /HUDSON/workspace/7u-2-build-macosx-x86_64/jdk7u75/1940/hotspot/src/share/vm/prims/jni.cpp:717
Event: 0.132 Thread 0x00007f89bc002800 Threw 0x00000007aab24df0 at /HUDSON/workspace/7u-2-build-macosx-x86_64/jdk7u75/1940/hotspot/src/share/vm/prims/jvm.cpp:1281
Event: 0.132 Thread 0x00007f89bc002800 Threw 0x00000007aab24f18 at /HUDSON/workspace/7u-2-build-macosx-x86_64/jdk7u75/1940/hotspot/src/share/vm/prims/jvm.cpp:1281
Event: 0.132 Thread 0x00007f89bc002800 Threw 0x00000007aab25168 at /HUDSON/workspace/7u-2-build-macosx-x86_64/jdk7u75/1940/hotspot/src/share/vm/prims/jvm.cpp:1281

Events (10 events):
Event: 391.922 Executing VM operation: GetCurrentLocation
Event: 391.922 Executing VM operation: GetCurrentLocation done
Event: 391.922 Executing VM operation: EnterInterpOnlyMode
Event: 391.922 Executing VM operation: EnterInterpOnlyMode done
Event: 391.922 Executing VM operation: ChangeSingleStep
Event: 391.922 Executing VM operation: ChangeSingleStep done
Event: 391.922 Executing VM operation: ChangeSingleStep
Event: 391.922 Executing VM operation: ChangeSingleStep done
Event: 391.925 Executing VM operation: RedefineClasses
Event: 391.925 Executing VM operation: RedefineClasses done


Dynamic libraries:
0x00000000069ac000 	/System/Library/Frameworks/Cocoa.framework/Versions/A/Cocoa
0x00000000069ac000 	/System/Library/Frameworks/Security.framework/Versions/A/Security
0x00000000069ac000 	/System/Library/Frameworks/ApplicationServices.framework/Versions/A/ApplicationServices
0x00000000069ac000 	/usr/lib/libz.1.dylib
0x00000000069ac000 	/usr/lib/libSystem.B.dylib
0x00000000069ac000 	/usr/lib/libobjc.A.dylib
0x00000000069ac000 	/System/Library/Frameworks/CoreFoundation.framework/Versions/A/CoreFoundation
0x00000000069ac000 	/System/Library/Frameworks/Foundation.framework/Versions/C/Foundation
0x00000000069ac000 	/System/Library/Frameworks/AppKit.framework/Versions/C/AppKit
0x00000000069ac000 	/System/Library/Frameworks/CoreData.framework/Versions/A/CoreData
0x00000000069ac000 	/System/Library/PrivateFrameworks/RemoteViewServices.framework/Versions/A/RemoteViewServices
0x00000000069ac000 	/System/Library/PrivateFrameworks/UIFoundation.framework/Versions/A/UIFoundation
0x00000000069ac000 	/System/Library/Frameworks/IOSurface.framework/Versions/A/IOSurface
0x00000000069ac000 	/System/Library/Frameworks/AudioToolbox.framework/Versions/A/AudioToolbox
0x00000000069ac000 	/System/Library/Frameworks/AudioUnit.framework/Versions/A/AudioUnit
0x00000000069ac000 	/System/Library/PrivateFrameworks/DataDetectorsCore.framework/Versions/A/DataDetectorsCore
0x00000000069ac000 	/System/Library/PrivateFrameworks/DesktopServicesPriv.framework/Versions/A/DesktopServicesPriv
0x00000000069ac000 	/System/Library/Frameworks/Carbon.framework/Versions/A/Frameworks/HIToolbox.framework/Versions/A/HIToolbox
0x00000000069ac000 	/System/Library/Frameworks/QuartzCore.framework/Versions/A/QuartzCore
0x00000000069ac000 	/System/Library/Frameworks/Carbon.framework/Versions/A/Frameworks/SpeechRecognition.framework/Versions/A/SpeechRecognition
0x00000000069ac000 	/usr/lib/libauto.dylib
0x00000000069ac000 	/usr/lib/libicucore.A.dylib
0x00000000069ac000 	/usr/lib/libxml2.2.dylib
0x00000000069ac000 	/System/Library/PrivateFrameworks/CoreUI.framework/Versions/A/CoreUI
0x00000000069ac000 	/System/Library/Frameworks/CoreAudio.framework/Versions/A/CoreAudio
0x00000000069ac000 	/System/Library/Frameworks/DiskArbitration.framework/Versions/A/DiskArbitration
0x00000000069ac000 	/usr/lib/liblangid.dylib
0x00000000069ac000 	/System/Library/PrivateFrameworks/MultitouchSupport.framework/Versions/A/MultitouchSupport
0x00000000069ac000 	/System/Library/Frameworks/IOKit.framework/Versions/A/IOKit
0x00000000069ac000 	/usr/lib/libDiagnosticMessagesClient.dylib
0x00000000069ac000 	/System/Library/Frameworks/CoreServices.framework/Versions/A/CoreServices
0x00000000069ac000 	/System/Library/PrivateFrameworks/PerformanceAnalysis.framework/Versions/A/PerformanceAnalysis
0x00000000069ac000 	/System/Library/PrivateFrameworks/GenerationalStorage.framework/Versions/A/GenerationalStorage
0x00000000069ac000 	/System/Library/Frameworks/OpenGL.framework/Versions/A/OpenGL
0x00000000069ac000 	/System/Library/PrivateFrameworks/Sharing.framework/Versions/A/Sharing
0x00000000069ac000 	/System/Library/Frameworks/CoreGraphics.framework/Versions/A/CoreGraphics
0x00000000069ac000 	/System/Library/Frameworks/CoreText.framework/Versions/A/CoreText
0x00000000069ac000 	/System/Library/Frameworks/ImageIO.framework/Versions/A/ImageIO
0x00000000069ac000 	/usr/lib/libextension.dylib
0x00000000069ac000 	/System/Library/PrivateFrameworks/Backup.framework/Versions/A/Backup
0x00000000069ac000 	/usr/lib/libarchive.2.dylib
0x00000000069ac000 	/System/Library/Frameworks/CFNetwork.framework/Versions/A/CFNetwork
0x00000000069ac000 	/System/Library/Frameworks/SystemConfiguration.framework/Versions/A/SystemConfiguration
0x00000000069ac000 	/usr/lib/libCRFSuite.dylib
0x00000000069ac000 	/usr/lib/libc++.1.dylib
0x00000000069ac000 	/usr/lib/libc++abi.dylib
0x00000000069ac000 	/usr/lib/system/libcache.dylib
0x00000000069ac000 	/usr/lib/system/libcommonCrypto.dylib
0x00000000069ac000 	/usr/lib/system/libcompiler_rt.dylib
0x00000000069ac000 	/usr/lib/system/libcopyfile.dylib
0x00000000069ac000 	/usr/lib/system/libcorecrypto.dylib
0x00000000069ac000 	/usr/lib/system/libdispatch.dylib
0x00000000069ac000 	/usr/lib/system/libdyld.dylib
0x00000000069ac000 	/usr/lib/system/libkeymgr.dylib
0x00000000069ac000 	/usr/lib/system/liblaunch.dylib
0x00000000069ac000 	/usr/lib/system/libmacho.dylib
0x00000000069ac000 	/usr/lib/system/libquarantine.dylib
0x00000000069ac000 	/usr/lib/system/libremovefile.dylib
0x00000000069ac000 	/usr/lib/system/libsystem_asl.dylib
0x00000000069ac000 	/usr/lib/system/libsystem_blocks.dylib
0x00000000069ac000 	/usr/lib/system/libsystem_c.dylib
0x00000000069ac000 	/usr/lib/system/libsystem_configuration.dylib
0x00000000069ac000 	/usr/lib/system/libsystem_coreservices.dylib
0x00000000069ac000 	/usr/lib/system/libsystem_coretls.dylib
0x00000000069ac000 	/usr/lib/system/libsystem_dnssd.dylib
0x00000000069ac000 	/usr/lib/system/libsystem_info.dylib
0x00000000069ac000 	/usr/lib/system/libsystem_kernel.dylib
0x00000000069ac000 	/usr/lib/system/libsystem_m.dylib
0x00000000069ac000 	/usr/lib/system/libsystem_malloc.dylib
0x00000000069ac000 	/usr/lib/system/libsystem_network.dylib
0x00000000069ac000 	/usr/lib/system/libsystem_networkextension.dylib
0x00000000069ac000 	/usr/lib/system/libsystem_notify.dylib
0x00000000069ac000 	/usr/lib/system/libsystem_platform.dylib
0x00000000069ac000 	/usr/lib/system/libsystem_pthread.dylib
0x00000000069ac000 	/usr/lib/system/libsystem_sandbox.dylib
0x00000000069ac000 	/usr/lib/system/libsystem_secinit.dylib
0x00000000069ac000 	/usr/lib/system/libsystem_stats.dylib
0x00000000069ac000 	/usr/lib/system/libsystem_trace.dylib
0x00000000069ac000 	/usr/lib/system/libunc.dylib
0x00000000069ac000 	/usr/lib/system/libunwind.dylib
0x00000000069ac000 	/usr/lib/system/libxpc.dylib
0x00000000069ac000 	/usr/lib/libbz2.1.0.dylib
0x00000000069ac000 	/usr/lib/liblzma.5.dylib
0x00000000069ac000 	/usr/lib/libbsm.0.dylib
0x00000000069ac000 	/usr/lib/libsqlite3.dylib
0x00000000069ac000 	/usr/lib/system/libkxld.dylib
0x00000000069ac000 	/usr/lib/libxar.1.dylib
0x00000000069ac000 	/usr/lib/libpam.2.dylib
0x00000000069ac000 	/usr/lib/libOpenScriptingUtil.dylib
0x00000000069ac000 	/System/Library/Frameworks/CoreServices.framework/Versions/A/Frameworks/FSEvents.framework/Versions/A/FSEvents
0x00000000069ac000 	/System/Library/Frameworks/CoreServices.framework/Versions/A/Frameworks/CarbonCore.framework/Versions/A/CarbonCore
0x00000000069ac000 	/System/Library/Frameworks/CoreServices.framework/Versions/A/Frameworks/Metadata.framework/Versions/A/Metadata
0x00000000069ac000 	/System/Library/Frameworks/CoreServices.framework/Versions/A/Frameworks/OSServices.framework/Versions/A/OSServices
0x00000000069ac000 	/System/Library/Frameworks/CoreServices.framework/Versions/A/Frameworks/SearchKit.framework/Versions/A/SearchKit
0x00000000069ac000 	/System/Library/Frameworks/CoreServices.framework/Versions/A/Frameworks/AE.framework/Versions/A/AE
0x00000000069ac000 	/System/Library/Frameworks/CoreServices.framework/Versions/A/Frameworks/LaunchServices.framework/Versions/A/LaunchServices
0x00000000069ac000 	/System/Library/Frameworks/CoreServices.framework/Versions/A/Frameworks/DictionaryServices.framework/Versions/A/DictionaryServices
0x00000000069ac000 	/System/Library/Frameworks/NetFS.framework/Versions/A/NetFS
0x00000000069ac000 	/System/Library/PrivateFrameworks/NetAuth.framework/Versions/A/NetAuth
0x00000000069ac000 	/System/Library/PrivateFrameworks/login.framework/Versions/A/Frameworks/loginsupport.framework/Versions/A/loginsupport
0x00000000069ac000 	/System/Library/PrivateFrameworks/TCC.framework/Versions/A/TCC
0x00000000069ac000 	/usr/lib/libmecabra.dylib
0x00000000069ac000 	/System/Library/Frameworks/ApplicationServices.framework/Versions/A/Frameworks/ATS.framework/Versions/A/ATS
0x00000000069ac000 	/System/Library/Frameworks/ApplicationServices.framework/Versions/A/Frameworks/ColorSync.framework/Versions/A/ColorSync
0x00000000069ac000 	/System/Library/Frameworks/ApplicationServices.framework/Versions/A/Frameworks/HIServices.framework/Versions/A/HIServices
0x00000000069ac000 	/System/Library/Frameworks/ApplicationServices.framework/Versions/A/Frameworks/LangAnalysis.framework/Versions/A/LangAnalysis
0x00000000069ac000 	/System/Library/Frameworks/ApplicationServices.framework/Versions/A/Frameworks/PrintCore.framework/Versions/A/PrintCore
0x00000000069ac000 	/System/Library/Frameworks/ApplicationServices.framework/Versions/A/Frameworks/QD.framework/Versions/A/QD
0x00000000069ac000 	/System/Library/Frameworks/ApplicationServices.framework/Versions/A/Frameworks/SpeechSynthesis.framework/Versions/A/SpeechSynthesis
0x00000000069ac000 	/System/Library/Frameworks/Accelerate.framework/Versions/A/Accelerate
0x00000000069ac000 	/System/Library/Frameworks/Accelerate.framework/Versions/A/Frameworks/vImage.framework/Versions/A/vImage
0x00000000069ac000 	/System/Library/Frameworks/Accelerate.framework/Versions/A/Frameworks/vecLib.framework/Versions/A/vecLib
0x00000000069ac000 	/System/Library/Frameworks/Accelerate.framework/Versions/A/Frameworks/vecLib.framework/Versions/A/libvDSP.dylib
0x00000000069ac000 	/System/Library/Frameworks/Accelerate.framework/Versions/A/Frameworks/vecLib.framework/Versions/A/libvMisc.dylib
0x00000000069ac000 	/System/Library/Frameworks/Accelerate.framework/Versions/A/Frameworks/vecLib.framework/Versions/A/libLAPACK.dylib
0x00000000069ac000 	/System/Library/Frameworks/Accelerate.framework/Versions/A/Frameworks/vecLib.framework/Versions/A/libBLAS.dylib
0x00000000069ac000 	/System/Library/Frameworks/Accelerate.framework/Versions/A/Frameworks/vecLib.framework/Versions/A/libLinearAlgebra.dylib
0x00000000069ac000 	/System/Library/Frameworks/ApplicationServices.framework/Versions/A/Frameworks/ATS.framework/Versions/A/Resources/libFontParser.dylib
0x00000000069ac000 	/System/Library/Frameworks/ApplicationServices.framework/Versions/A/Frameworks/ATS.framework/Versions/A/Resources/libFontRegistry.dylib
0x00000000069ac000 	/System/Library/PrivateFrameworks/AppleVPA.framework/Versions/A/AppleVPA
0x00000000069ac000 	/System/Library/PrivateFrameworks/AppleJPEG.framework/Versions/A/AppleJPEG
0x00000000069ac000 	/System/Library/Frameworks/ImageIO.framework/Versions/A/Resources/libJPEG.dylib
0x00000000069ac000 	/System/Library/Frameworks/ImageIO.framework/Versions/A/Resources/libTIFF.dylib
0x00000000069ac000 	/System/Library/Frameworks/ImageIO.framework/Versions/A/Resources/libPng.dylib
0x00000000069ac000 	/System/Library/Frameworks/ImageIO.framework/Versions/A/Resources/libGIF.dylib
0x00000000069ac000 	/System/Library/Frameworks/ImageIO.framework/Versions/A/Resources/libJP2.dylib
0x00000000069ac000 	/System/Library/Frameworks/ImageIO.framework/Versions/A/Resources/libRadiance.dylib
0x00000000069ac000 	/System/Library/Frameworks/CoreVideo.framework/Versions/A/CoreVideo
0x00000000069ac000 	/System/Library/Frameworks/OpenGL.framework/Versions/A/Libraries/libGLU.dylib
0x00000000069ac000 	/System/Library/Frameworks/OpenGL.framework/Versions/A/Libraries/libGFXShared.dylib
0x00000000069ac000 	/System/Library/Frameworks/OpenGL.framework/Versions/A/Libraries/libGL.dylib
0x00000000069ac000 	/System/Library/Frameworks/OpenGL.framework/Versions/A/Libraries/libGLImage.dylib
0x00000000069ac000 	/System/Library/Frameworks/OpenGL.framework/Versions/A/Libraries/libCVMSPluginSupport.dylib
0x00000000069ac000 	/System/Library/Frameworks/OpenGL.framework/Versions/A/Libraries/libCoreVMClient.dylib
0x00000000069ac000 	/usr/lib/libcups.2.dylib
0x00000000069ac000 	/System/Library/Frameworks/Kerberos.framework/Versions/A/Kerberos
0x00000000069ac000 	/System/Library/Frameworks/GSS.framework/Versions/A/GSS
0x00000000069ac000 	/usr/lib/libresolv.9.dylib
0x00000000069ac000 	/usr/lib/libiconv.2.dylib
0x00000000069ac000 	/System/Library/PrivateFrameworks/Heimdal.framework/Versions/A/Heimdal
0x00000000069ac000 	/usr/lib/libheimdal-asn1.dylib
0x00000000069ac000 	/System/Library/Frameworks/OpenDirectory.framework/Versions/A/OpenDirectory
0x00000000069ac000 	/System/Library/PrivateFrameworks/CommonAuth.framework/Versions/A/CommonAuth
0x00000000069ac000 	/System/Library/Frameworks/OpenDirectory.framework/Versions/A/Frameworks/CFOpenDirectory.framework/Versions/A/CFOpenDirectory
0x00000000069ac000 	/System/Library/Frameworks/SecurityFoundation.framework/Versions/A/SecurityFoundation
0x00000000069ac000 	/System/Library/PrivateFrameworks/LanguageModeling.framework/Versions/A/LanguageModeling
0x00000000069ac000 	/usr/lib/libcmph.dylib
0x00000000069ac000 	/System/Library/Frameworks/ServiceManagement.framework/Versions/A/ServiceManagement
0x00000000069ac000 	/usr/lib/libxslt.1.dylib
0x00000000069ac000 	/System/Library/Frameworks/Carbon.framework/Versions/A/Frameworks/Ink.framework/Versions/A/Ink
0x00000000069ac000 	/System/Library/Frameworks/QuartzCore.framework/Versions/A/Frameworks/CoreImage.framework/Versions/A/CoreImage
0x00000000069ac000 	/System/Library/PrivateFrameworks/CrashReporterSupport.framework/Versions/A/CrashReporterSupport
0x00000000069ac000 	/System/Library/Frameworks/OpenCL.framework/Versions/A/OpenCL
0x00000000069ac000 	/System/Library/PrivateFrameworks/FaceCore.framework/Versions/A/FaceCore
0x00000000069ac000 	/System/Library/PrivateFrameworks/Ubiquity.framework/Versions/A/Ubiquity
0x00000000069ac000 	/System/Library/PrivateFrameworks/IconServices.framework/Versions/A/IconServices
0x00000000069ac000 	/System/Library/PrivateFrameworks/ChunkingLibrary.framework/Versions/A/ChunkingLibrary
0x00000000069ac000 	/System/Library/PrivateFrameworks/Apple80211.framework/Versions/A/Apple80211
0x00000000069ac000 	/System/Library/Frameworks/CoreWLAN.framework/Versions/A/CoreWLAN
0x00000000069ac000 	/System/Library/Frameworks/IOBluetooth.framework/Versions/A/IOBluetooth
0x00000000069ac000 	/System/Library/PrivateFrameworks/CoreWiFi.framework/Versions/A/CoreWiFi
0x00000000069ac000 	/System/Library/Frameworks/CoreBluetooth.framework/Versions/A/CoreBluetooth
0x00000000069ac000 	/System/Library/PrivateFrameworks/DebugSymbols.framework/Versions/A/DebugSymbols
0x00000000069ac000 	/System/Library/PrivateFrameworks/CoreSymbolication.framework/Versions/A/CoreSymbolication
0x00000000069ac000 	/System/Library/PrivateFrameworks/Symbolication.framework/Versions/A/Symbolication
0x00000000069ac000 	/System/Library/PrivateFrameworks/SpeechRecognitionCore.framework/Versions/A/SpeechRecognitionCore
0x0000000101a00000 	/Library/Java/JavaVirtualMachines/jdk1.7.0_75.jdk/Contents/Home/jre/lib/server/libjvm.dylib
0x00000000069ac000 	/usr/lib/libstdc++.6.dylib
0x000000010092a000 	/Library/Java/JavaVirtualMachines/jdk1.7.0_75.jdk/Contents/Home/jre/lib/libverify.dylib
0x0000000100937000 	/Library/Java/JavaVirtualMachines/jdk1.7.0_75.jdk/Contents/Home/jre/lib/libjava.dylib
0x0000000100968000 	/Library/Java/JavaVirtualMachines/jdk1.7.0_75.jdk/Contents/Home/jre/lib/libjdwp.dylib
0x00000001009a5000 	/Library/Java/JavaVirtualMachines/jdk1.7.0_75.jdk/Contents/Home/jre/lib/libnpt.dylib
0x00000001009b2000 	/Library/Java/JavaVirtualMachines/jdk1.7.0_75.jdk/Contents/Home/jre/lib/libzip.dylib
0x00000001009e5000 	/System/Library/Frameworks/JavaVM.framework/Frameworks/JavaRuntimeSupport.framework/JavaRuntimeSupport
0x0000000111907000 	/System/Library/Frameworks/JavaVM.framework/Versions/A/Frameworks/JavaNativeFoundation.framework/Versions/A/JavaNativeFoundation
0x000000011191c000 	/System/Library/Frameworks/JavaVM.framework/Versions/A/JavaVM
0x00000000069ac000 	/System/Library/Frameworks/Carbon.framework/Versions/A/Carbon
0x0000000111929000 	/System/Library/PrivateFrameworks/JavaLaunching.framework/Versions/A/JavaLaunching
0x00000000069ac000 	/System/Library/Frameworks/Carbon.framework/Versions/A/Frameworks/CommonPanels.framework/Versions/A/CommonPanels
0x00000000069ac000 	/System/Library/Frameworks/Carbon.framework/Versions/A/Frameworks/Help.framework/Versions/A/Help
0x00000000069ac000 	/System/Library/Frameworks/Carbon.framework/Versions/A/Frameworks/ImageCapture.framework/Versions/A/ImageCapture
0x00000000069ac000 	/System/Library/Frameworks/Carbon.framework/Versions/A/Frameworks/OpenScripting.framework/Versions/A/OpenScripting
0x00000000069ac000 	/System/Library/Frameworks/Carbon.framework/Versions/A/Frameworks/Print.framework/Versions/A/Print
0x00000000069ac000 	/System/Library/Frameworks/Carbon.framework/Versions/A/Frameworks/SecurityHI.framework/Versions/A/SecurityHI
0x0000000113312000 	/Library/Java/JavaVirtualMachines/jdk1.7.0_75.jdk/Contents/Home/jre/lib/libdt_socket.dylib

VM Arguments:
jvm_args: -agentlib:jdwp=transport=dt_socket,suspend=y,address=localhost:61823 -Dfile.encoding=UTF-8 
java_command: com.math.pallindromecheck.PallindromeCheck
Launcher Type: SUN_STANDARD

Environment Variables:
PATH=/usr/bin:/bin:/usr/sbin:/sbin
SHELL=/bin/bash

Signal Handlers:
SIGSEGV: [libjvm.dylib+0x52d20d], sa_mask[0]=0xfffefeff, sa_flags=0x00000043
SIGBUS: [libjvm.dylib+0x52d20d], sa_mask[0]=0xfffefeff, sa_flags=0x00000042
SIGFPE: [libjvm.dylib+0x41ee7a], sa_mask[0]=0xfffefeff, sa_flags=0x00000042
SIGPIPE: [libjvm.dylib+0x41ee7a], sa_mask[0]=0xfffefeff, sa_flags=0x00000042
SIGXFSZ: [libjvm.dylib+0x41ee7a], sa_mask[0]=0xfffefeff, sa_flags=0x00000042
SIGILL: [libjvm.dylib+0x41ee7a], sa_mask[0]=0xfffefeff, sa_flags=0x00000042
SIGUSR1: SIG_DFL, sa_mask[0]=0x00000000, sa_flags=0x00000000
SIGUSR2: [libjvm.dylib+0x41e96c], sa_mask[0]=0x00000004, sa_flags=0x00000042
SIGHUP: [libjvm.dylib+0x41cbfd], sa_mask[0]=0xfffefeff, sa_flags=0x00000042
SIGINT: [libjvm.dylib+0x41cbfd], sa_mask[0]=0xfffefeff, sa_flags=0x00000042
SIGTERM: [libjvm.dylib+0x41cbfd], sa_mask[0]=0xfffefeff, sa_flags=0x00000042
SIGQUIT: [libjvm.dylib+0x41cbfd], sa_mask[0]=0xfffefeff, sa_flags=0x00000042


---------------  S Y S T E M  ---------------

OS:Bsduname:Darwin 14.3.0 Darwin Kernel Version 14.3.0: Mon Mar 23 20:23:44 PDT 2015; root:xnu-2782.20.48~8/RELEASE_X86_64 x86_64
rlimit: STACK 8192k, CORE 0k, NPROC 709, NOFILE 10240, AS infinity
load average:1.50 1.52 1.50

CPU:total 8 (4 cores per cpu, 2 threads per core) family 6 model 70 stepping 1, cmov, cx8, fxsr, mmx, sse, sse2, sse3, ssse3, sse4.1, sse4.2, popcnt, avx, avx2, aes, erms, ht, tsc, tscinvbit

Memory: 4k page, physical 16777216k(4194304k free)

/proc/meminfo:


vm_info: Java HotSpot(TM) 64-Bit Server VM (24.75-b04) for bsd-amd64 JRE (1.7.0_75-b13), built on Dec 18 2014 21:48:12 by "java_re" with gcc 4.2.1 (Based on Apple Inc. build 5658) (LLVM build 2336.11.00)

time: Sun Jul  5 14:05:57 2015
elapsed time: 391 seconds

